timestamp: 2015-02-18T17:24:04.783000
CREATE TABLE auth_user(
    id INTEGER PRIMARY KEY AUTOINCREMENT,
    first_name CHAR(128),
    last_name CHAR(128),
    email CHAR(512),
    password CHAR(512),
    registration_key CHAR(512),
    reset_password_key CHAR(512),
    registration_id CHAR(512)
);
success!
timestamp: 2015-02-18T17:24:04.918000
CREATE TABLE auth_group(
    id INTEGER PRIMARY KEY AUTOINCREMENT,
    role CHAR(512),
    description TEXT
);
success!
timestamp: 2015-02-18T17:24:05.054000
CREATE TABLE auth_membership(
    id INTEGER PRIMARY KEY AUTOINCREMENT,
    user_id INTEGER REFERENCES auth_user (id) ON DELETE CASCADE,
    group_id INTEGER REFERENCES auth_group (id) ON DELETE CASCADE
);
success!
timestamp: 2015-02-18T17:24:05.174000
CREATE TABLE auth_permission(
    id INTEGER PRIMARY KEY AUTOINCREMENT,
    group_id INTEGER REFERENCES auth_group (id) ON DELETE CASCADE,
    name CHAR(512),
    table_name CHAR(512),
    record_id INTEGER
);
success!
timestamp: 2015-02-18T17:24:05.286000
CREATE TABLE auth_event(
    id INTEGER PRIMARY KEY AUTOINCREMENT,
    time_stamp TIMESTAMP,
    client_ip CHAR(512),
    user_id INTEGER REFERENCES auth_user (id) ON DELETE CASCADE,
    origin CHAR(512),
    description TEXT
);
success!
timestamp: 2015-02-18T17:24:05.398000
CREATE TABLE auth_cas(
    id INTEGER PRIMARY KEY AUTOINCREMENT,
    user_id INTEGER REFERENCES auth_user (id) ON DELETE CASCADE,
    created_on TIMESTAMP,
    service CHAR(512),
    ticket CHAR(512),
    renew CHAR(1)
);
success!
timestamp: 2015-02-18T18:14:19.308000
CREATE TABLE dids(
    id INTEGER PRIMARY KEY AUTOINCREMENT,
    author_id CHAR(512),
    date_created TIMESTAMP,
    title CHAR(512),
    likes INTEGER,
    spam INTEGER,
    link CHAR(512)
);
success!
timestamp: 2015-02-18T18:15:22.679000
CREATE TABLE elements(
    id INTEGER PRIMARY KEY AUTOINCREMENT,
    did_id CHAR(512),
    stack_num INTEGER,
    is_image CHAR(1),
    element_data CHAR(512)
);
success!
timestamp: 2015-02-18T18:15:59.243000
CREATE TABLE comments(
    id INTEGER PRIMARY KEY AUTOINCREMENT,
    did_id CHAR(512),
    author_id CHAR(512),
    reply_id CHAR(512),
    body TEXT
);
success!
timestamp: 2015-02-18T18:15:59.430000
CREATE TABLE likes(
    id INTEGER PRIMARY KEY AUTOINCREMENT,
    user_id CHAR(512),
    did_id CHAR(512)
);
success!
